2024-12-02 23:22:31,878 - INFO: Starting Multiprocessing Syntax Check
2024-12-02 23:22:31,878 - INFO: Using 9 processes
2024-12-02 23:22:54,128 - INFO: Time taken for 1th chunk of 18000 repositories: 22.2493 seconds
2024-12-02 23:22:54,128 - INFO: Processed 18000 repositories
2024-12-02 23:23:33,077 - INFO: Time taken for 2th chunk of 18000 repositories: 61.1986 seconds
2024-12-02 23:23:33,082 - INFO: Processed 36000 repositories
2024-12-02 23:23:52,015 - INFO: Time taken for 3th chunk of 18000 repositories: 80.1366 seconds
2024-12-02 23:23:52,015 - INFO: Processed 54000 repositories
2024-12-02 23:24:08,753 - INFO: Time taken for 4th chunk of 18000 repositories: 96.8749 seconds
2024-12-02 23:24:08,754 - INFO: Processed 72000 repositories
2024-12-02 23:24:24,780 - INFO: Time taken for 5th chunk of 18000 repositories: 112.9016 seconds
2024-12-02 23:24:24,785 - INFO: Processed 90000 repositories
2024-12-02 23:25:02,753 - INFO: Time taken for 6th chunk of 18000 repositories: 150.8744 seconds
2024-12-02 23:25:02,753 - INFO: Processed 108000 repositories
2024-12-02 23:25:19,174 - INFO: Time taken for 7th chunk of 18000 repositories: 167.2952 seconds
2024-12-02 23:25:19,174 - INFO: Processed 126000 repositories
2024-12-02 23:25:34,996 - INFO: Time taken for 8th chunk of 18000 repositories: 183.1175 seconds
2024-12-02 23:25:35,001 - INFO: Processed 144000 repositories
2024-12-02 23:25:52,862 - INFO: Time taken for 9th chunk of 18000 repositories: 200.9836 seconds
2024-12-02 23:25:52,862 - INFO: Processed 162000 repositories
2024-12-02 23:26:11,284 - INFO: Time taken for 10th chunk of 18000 repositories: 219.4058 seconds
2024-12-02 23:26:11,285 - INFO: Processed 180000 repositories
2024-12-02 23:26:33,681 - INFO: Time taken for 11th chunk of 18000 repositories: 241.8031 seconds
2024-12-02 23:26:33,682 - INFO: Processed 198000 repositories
2024-12-02 23:26:57,189 - INFO: Time taken for 12th chunk of 18000 repositories: 265.3106 seconds
2024-12-02 23:26:57,189 - INFO: Processed 216000 repositories
2024-12-02 23:27:15,676 - INFO: Time taken for 13th chunk of 18000 repositories: 283.7977 seconds
2024-12-02 23:27:15,682 - INFO: Processed 234000 repositories
2024-12-02 23:27:37,237 - INFO: Time taken for 14th chunk of 18000 repositories: 305.3585 seconds
2024-12-02 23:27:37,237 - INFO: Processed 252000 repositories
2024-12-02 23:27:53,355 - INFO: Time taken for 15th chunk of 18000 repositories: 321.4766 seconds
2024-12-02 23:27:53,355 - INFO: Processed 270000 repositories
2024-12-02 23:28:08,456 - INFO: Time taken for 16th chunk of 18000 repositories: 336.5779 seconds
2024-12-02 23:28:08,457 - INFO: Processed 288000 repositories
2024-12-02 23:28:28,209 - INFO: Time taken for 17th chunk of 18000 repositories: 356.3302 seconds
2024-12-02 23:28:28,209 - INFO: Processed 306000 repositories
2024-12-02 23:28:45,410 - INFO: Time taken for 18th chunk of 18000 repositories: 373.5311 seconds
2024-12-02 23:28:45,410 - INFO: Processed 324000 repositories
2024-12-02 23:29:02,890 - INFO: Time taken for 19th chunk of 18000 repositories: 391.0112 seconds
2024-12-02 23:29:02,890 - INFO: Processed 342000 repositories
2024-12-02 23:29:19,059 - INFO: Time taken for 20th chunk of 18000 repositories: 407.1805 seconds
2024-12-02 23:29:19,059 - INFO: Processed 360000 repositories
2024-12-02 23:29:36,724 - INFO: Time taken for 21th chunk of 18000 repositories: 424.8458 seconds
2024-12-02 23:29:36,724 - INFO: Processed 378000 repositories
2024-12-02 23:29:53,238 - INFO: Time taken for 22th chunk of 18000 repositories: 441.3595 seconds
2024-12-02 23:29:53,238 - INFO: Processed 396000 repositories
2024-12-02 23:30:09,599 - INFO: Time taken for 23th chunk of 18000 repositories: 457.7209 seconds
2024-12-02 23:30:09,599 - INFO: Processed 414000 repositories
2024-12-02 23:30:27,883 - INFO: Time taken for 24th chunk of 18000 repositories: 476.0044 seconds
2024-12-02 23:30:27,883 - INFO: Processed 432000 repositories
2024-12-02 23:30:44,793 - INFO: Time taken for 25th chunk of 18000 repositories: 492.9151 seconds
2024-12-02 23:30:44,794 - INFO: Processed 450000 repositories
2024-12-02 23:31:03,274 - INFO: Time taken for 26th chunk of 18000 repositories: 511.3960 seconds
2024-12-02 23:31:03,275 - INFO: Processed 468000 repositories
2024-12-02 23:31:21,681 - INFO: Time taken for 27th chunk of 18000 repositories: 529.8026 seconds
2024-12-02 23:31:21,681 - INFO: Processed 486000 repositories
2024-12-02 23:31:39,074 - INFO: Time taken for 28th chunk of 18000 repositories: 547.1955 seconds
2024-12-02 23:31:39,074 - INFO: Processed 504000 repositories
2024-12-02 23:31:57,175 - INFO: Time taken for 29th chunk of 18000 repositories: 565.2969 seconds
2024-12-02 23:31:57,181 - INFO: Processed 522000 repositories
2024-12-02 23:32:14,754 - INFO: Time taken for 30th chunk of 18000 repositories: 582.8759 seconds
2024-12-02 23:32:14,755 - INFO: Processed 540000 repositories
2024-12-02 23:32:28,338 - INFO: Time taken for 31th chunk of 13753 repositories: 596.4596 seconds
2024-12-02 23:32:28,338 - INFO: Processed 553753 repositories
2024-12-02 23:32:28,338 - INFO: Processing completed in 596.4599 seconds
